2022-05-22 16:05:18,784:INFO:PyCaret Supervised Module
2022-05-22 16:05:18,785:INFO:ML Usecase: classification
2022-05-22 16:05:18,786:INFO:version 2.3.10
2022-05-22 16:05:18,786:INFO:Initializing setup()
2022-05-22 16:05:18,786:INFO:setup(target=turnover, ml_usecase=classification, available_plots={'parameter': 'Hyperparameters', 'auc': 'AUC', 'confusion_matrix': 'Confusion Matrix', 'threshold': 'Threshold', 'pr': 'Precision Recall', 'error': 'Prediction Error', 'class_report': 'Class Report', 'rfe': 'Feature Selection', 'learning': 'Learning Curve', 'manifold': 'Manifold Learning', 'calibration': 'Calibration Curve', 'vc': 'Validation Curve', 'dimension': 'Dimensions', 'feature': 'Feature Importance', 'feature_all': 'Feature Importance (All)', 'boundary': 'Decision Boundary', 'lift': 'Lift Chart', 'gain': 'Gain Chart', 'tree': 'Decision Tree', 'ks': 'KS Statistic Plot'}, train_size=0.7, test_data=None, preprocess=True, imputation_type=simple, iterative_imputation_iters=5, categorical_features=None, categorical_imputation=constant, categorical_iterative_imputer=lightgbm, ordinal_features=None, high_cardinality_features=None, high_cardinality_method=frequency, numeric_features=['yearsAtCompany'], numeric_imputation=mean, numeric_iterative_imputer=lightgbm, date_features=None, ignore_features=None, normalize=True, normalize_method=minmax, transformation=False, transformation_method=yeo-johnson, handle_unknown_categorical=True, unknown_categorical_method=least_frequent, pca=False, pca_method=linear, pca_components=None, ignore_low_variance=False, combine_rare_levels=False, rare_level_threshold=0.1, bin_numeric_features=None, remove_outliers=False, outliers_threshold=0.05, remove_multicollinearity=False, multicollinearity_threshold=0.9, remove_perfect_collinearity=True, create_clusters=False, cluster_iter=20, polynomial_features=False, polynomial_degree=2, trigonometry_features=False, polynomial_threshold=0.1, group_features=None, group_names=None, feature_selection=False, feature_selection_threshold=0.8, feature_selection_method=classic, feature_interaction=False, feature_ratio=False, interaction_threshold=0.01, fix_imbalance=True, fix_imbalance_method=None, transform_target=False, transform_target_method=box-cox, data_split_shuffle=True, data_split_stratify=True, fold_strategy=stratifiedkfold, fold=10, fold_shuffle=False, fold_groups=None, n_jobs=-1, use_gpu=False, custom_pipeline=None, html=True, session_id=None, log_experiment=False, experiment_name=None, experiment_custom_tags=None, log_plots=False, log_profile=False, log_data=False, silent=False, verbose=True, profile=False, profile_kwargs=None, display=None)
2022-05-22 16:05:18,786:INFO:Checking environment
2022-05-22 16:05:18,786:INFO:python_version: 3.8.8
2022-05-22 16:05:18,787:INFO:python_build: ('default', 'Apr 13 2021 19:58:26')
2022-05-22 16:05:18,787:INFO:machine: x86_64
2022-05-22 16:05:18,860:INFO:platform: Linux-5.13.0-41-generic-x86_64-with-glibc2.10
2022-05-22 16:05:18,860:INFO:Memory: svmem(total=7736987648, available=2555703296, percent=67.0, used=4751716352, free=487481344, active=1395585024, inactive=5137821696, buffers=179978240, cached=2317811712, shared=115916800, slab=388804608)
2022-05-22 16:05:18,861:INFO:Physical Core: 2
2022-05-22 16:05:18,861:INFO:Logical Core: 4
2022-05-22 16:05:18,862:INFO:Checking libraries
2022-05-22 16:05:18,862:INFO:pd==1.2.4
2022-05-22 16:05:18,862:INFO:numpy==1.19.5
2022-05-22 16:05:18,862:INFO:sklearn==0.23.2
2022-05-22 16:05:18,862:INFO:lightgbm==3.3.2
2022-05-22 16:05:18,862:WARNING:catboost not found
2022-05-22 16:05:18,863:WARNING:xgboost not found
2022-05-22 16:05:18,863:INFO:mlflow==1.26.0
2022-05-22 16:05:18,863:INFO:Checking Exceptions
2022-05-22 16:05:18,863:INFO:Declaring global variables
2022-05-22 16:05:18,863:INFO:USI: a6ea
2022-05-22 16:05:18,863:INFO:pycaret_globals: {'n_jobs_param', 'fold_shuffle_param', 'USI', '_available_plots', 'fold_generator', 'create_model_container', '_ml_usecase', 'fix_imbalance_method_param', 'fold_groups_param_full', 'master_model_container', 'fold_groups_param', 'X_train', 'display_container', 'transform_target_method_param', 'pycaret_globals', '_all_models_internal', 'y_train', 'exp_name_log', 'experiment__', 'logging_param', 'data_before_preprocess', '_all_metrics', 'imputation_regressor', 'imputation_classifier', '_internal_pipeline', 'fix_imbalance_param', 'iterative_imputation_iters_param', 'fold_param', 'html_param', 'y_test', '_all_models', 'gpu_param', 'dashboard_logger', 'X_test', 'stratify_param', 'y', 'X', 'prep_pipe', '_gpu_n_jobs_param', 'target_param', 'log_plots_param', 'transform_target_param', 'seed'}
2022-05-22 16:05:18,863:INFO:Preparing display monitor
2022-05-22 16:05:18,863:INFO:Preparing display monitor
2022-05-22 16:05:18,891:INFO:Importing libraries
2022-05-22 16:05:18,892:INFO:Copying data for preprocessing
2022-05-22 16:05:18,907:INFO:Declaring preprocessing parameters
2022-05-22 16:05:18,910:INFO:Creating preprocessing pipeline
2022-05-22 16:05:18,926:INFO:Preprocessing pipeline created successfully
2022-05-22 16:05:18,926:ERROR:(Process Exit): setup has been interupted with user command 'quit'. setup must rerun.
2022-05-22 16:05:18,927:INFO:Creating global containers
2022-05-22 16:05:18,928:INFO:Internal pipeline: Pipeline(memory=None,
         steps=[('fix_imbalance',
                 SMOTE(k_neighbors=5, n_jobs=None, random_state=2768,
                       sampling_strategy='auto'))],
         verbose=False)
2022-05-22 16:07:57,653:WARNING:Couldn't import xgboost.XGBClassifier
2022-05-22 16:07:57,654:WARNING:Couldn't import catboost.CatBoostClassifier
2022-05-22 16:07:57,741:WARNING:Couldn't import xgboost.XGBClassifier
2022-05-22 16:07:57,741:WARNING:Couldn't import catboost.CatBoostClassifier
2022-05-22 16:07:57,742:INFO:Creating grid variables
2022-05-22 16:07:57,775:INFO:create_model_container: 0
2022-05-22 16:07:57,776:INFO:master_model_container: 0
2022-05-22 16:07:57,776:INFO:display_container: 1
2022-05-22 16:07:57,787:INFO:Pipeline(memory=None,
         steps=[('dtypes',
                 DataTypes_Auto_infer(categorical_features=[],
                                      display_types=True, features_todrop=[],
                                      id_columns=[],
                                      ml_usecase='classification',
                                      numerical_features=['yearsAtCompany'],
                                      target='turnover', time_features=[])),
                ('imputer',
                 Simple_Imputer(categorical_strategy='not_available',
                                fill_value_categorical=None,
                                fill_value_numerical=...
                ('P_transform', 'passthrough'), ('binn', 'passthrough'),
                ('rem_outliers', 'passthrough'), ('cluster_all', 'passthrough'),
                ('dummy', Dummify(target='turnover')),
                ('fix_perfect', Remove_100(target='turnover')),
                ('clean_names', Clean_Colum_Names()),
                ('feature_select', 'passthrough'), ('fix_multi', 'passthrough'),
                ('dfs', 'passthrough'), ('pca', 'passthrough')],
         verbose=False)
2022-05-22 16:07:57,787:INFO:setup() succesfully completed......................................
2022-05-22 16:11:09,772:INFO:Initializing compare_models()
2022-05-22 16:11:09,776:INFO:compare_models(include=None, fold=5, round=4, cross_validation=True, sort=AUC, n_select=1, budget_time=None, turbo=True, errors=ignore, fit_kwargs=None, groups=None, experiment_custom_tags=None, probability_threshold=None, verbose=True, display=None, exclude=None)
2022-05-22 16:11:09,777:INFO:Checking exceptions
2022-05-22 16:11:09,785:INFO:Preparing display monitor
2022-05-22 16:11:09,786:INFO:Preparing display monitor
2022-05-22 16:11:09,845:INFO:Initializing Logistic Regression
2022-05-22 16:11:09,846:INFO:Total runtime is 1.1277198791503906e-05 minutes
2022-05-22 16:11:09,860:INFO:SubProcess create_model() called ==================================
2022-05-22 16:11:09,861:INFO:Initializing create_model()
2022-05-22 16:11:09,861:INFO:create_model(estimator=lr, fold=StratifiedKFold(n_splits=5, random_state=None, shuffle=False), round=4, cross_validation=True, predict=True, fit_kwargs={}, groups=None, refit=False, verbose=False, system=False, metrics=None, experiment_custom_tags=None, add_to_model_list=True, probability_threshold=None, display=<pycaret.internal.Display.Display object at 0x7fefa6f9d970>, return_train_score=False, kwargs={})
2022-05-22 16:11:09,861:INFO:Checking exceptions
2022-05-22 16:11:09,862:INFO:Importing libraries
2022-05-22 16:11:09,862:INFO:Copying training dataset
2022-05-22 16:11:09,864:INFO:Defining folds
2022-05-22 16:11:09,864:INFO:Declaring metric variables
2022-05-22 16:11:09,876:INFO:Importing untrained model
2022-05-22 16:11:09,888:INFO:Logistic Regression Imported succesfully
2022-05-22 16:11:09,915:INFO:Starting cross validation
2022-05-22 16:11:09,917:INFO:Cross validating with StratifiedKFold(n_splits=5, random_state=None, shuffle=False), n_jobs=-1
2022-05-22 16:11:13,676:INFO:Calculating mean and std
2022-05-22 16:11:13,678:INFO:Creating metrics dataframe
2022-05-22 16:11:13,692:INFO:Uploading results into container
2022-05-22 16:11:13,692:INFO:Uploading model into container now
2022-05-22 16:11:13,692:INFO:create_model_container: 1
2022-05-22 16:11:13,692:INFO:master_model_container: 1
2022-05-22 16:11:13,692:INFO:display_container: 2
2022-05-22 16:11:13,693:INFO:LogisticRegression(C=1.0, class_weight=None, dual=False, fit_intercept=True,
                   intercept_scaling=1, l1_ratio=None, max_iter=1000,
                   multi_class='auto', n_jobs=None, penalty='l2',
                   random_state=2768, solver='lbfgs', tol=0.0001, verbose=0,
                   warm_start=False)
2022-05-22 16:11:13,693:INFO:create_model() succesfully completed......................................
2022-05-22 16:11:13,809:INFO:SubProcess create_model() end ==================================
2022-05-22 16:11:13,809:INFO:Creating metrics dataframe
2022-05-22 16:11:13,836:INFO:Initializing K Neighbors Classifier
2022-05-22 16:11:13,836:INFO:Total runtime is 0.06651778221130371 minutes
2022-05-22 16:11:13,852:INFO:SubProcess create_model() called ==================================
2022-05-22 16:11:13,853:INFO:Initializing create_model()
2022-05-22 16:11:13,853:INFO:create_model(estimator=knn, fold=StratifiedKFold(n_splits=5, random_state=None, shuffle=False), round=4, cross_validation=True, predict=True, fit_kwargs={}, groups=None, refit=False, verbose=False, system=False, metrics=None, experiment_custom_tags=None, add_to_model_list=True, probability_threshold=None, display=<pycaret.internal.Display.Display object at 0x7fefa6f9d970>, return_train_score=False, kwargs={})
2022-05-22 16:11:13,853:INFO:Checking exceptions
2022-05-22 16:11:13,853:INFO:Importing libraries
2022-05-22 16:11:13,853:INFO:Copying training dataset
2022-05-22 16:11:13,855:INFO:Defining folds
2022-05-22 16:11:13,855:INFO:Declaring metric variables
2022-05-22 16:11:13,871:INFO:Importing untrained model
2022-05-22 16:11:13,884:INFO:K Neighbors Classifier Imported succesfully
2022-05-22 16:11:13,918:INFO:Starting cross validation
2022-05-22 16:11:13,919:INFO:Cross validating with StratifiedKFold(n_splits=5, random_state=None, shuffle=False), n_jobs=-1
2022-05-22 16:11:14,540:INFO:Calculating mean and std
2022-05-22 16:11:14,541:INFO:Creating metrics dataframe
2022-05-22 16:11:14,551:INFO:Uploading results into container
2022-05-22 16:11:14,551:INFO:Uploading model into container now
2022-05-22 16:11:14,551:INFO:create_model_container: 2
2022-05-22 16:11:14,551:INFO:master_model_container: 2
2022-05-22 16:11:14,551:INFO:display_container: 2
2022-05-22 16:11:14,552:INFO:KNeighborsClassifier(algorithm='auto', leaf_size=30, metric='minkowski',
                     metric_params=None, n_jobs=-1, n_neighbors=5, p=2,
                     weights='uniform')
2022-05-22 16:11:14,552:INFO:create_model() succesfully completed......................................
2022-05-22 16:11:14,637:INFO:SubProcess create_model() end ==================================
2022-05-22 16:11:14,637:INFO:Creating metrics dataframe
2022-05-22 16:11:14,665:INFO:Initializing Naive Bayes
2022-05-22 16:11:14,666:INFO:Total runtime is 0.08034481604894002 minutes
2022-05-22 16:11:14,677:INFO:SubProcess create_model() called ==================================
2022-05-22 16:11:14,678:INFO:Initializing create_model()
2022-05-22 16:11:14,678:INFO:create_model(estimator=nb, fold=StratifiedKFold(n_splits=5, random_state=None, shuffle=False), round=4, cross_validation=True, predict=True, fit_kwargs={}, groups=None, refit=False, verbose=False, system=False, metrics=None, experiment_custom_tags=None, add_to_model_list=True, probability_threshold=None, display=<pycaret.internal.Display.Display object at 0x7fefa6f9d970>, return_train_score=False, kwargs={})
2022-05-22 16:11:14,678:INFO:Checking exceptions
2022-05-22 16:11:14,678:INFO:Importing libraries
2022-05-22 16:11:14,678:INFO:Copying training dataset
2022-05-22 16:11:14,680:INFO:Defining folds
2022-05-22 16:11:14,680:INFO:Declaring metric variables
2022-05-22 16:11:14,695:INFO:Importing untrained model
2022-05-22 16:11:14,707:INFO:Naive Bayes Imported succesfully
2022-05-22 16:11:14,742:INFO:Starting cross validation
2022-05-22 16:11:14,743:INFO:Cross validating with StratifiedKFold(n_splits=5, random_state=None, shuffle=False), n_jobs=-1
2022-05-22 16:11:14,930:INFO:Calculating mean and std
2022-05-22 16:11:14,931:INFO:Creating metrics dataframe
2022-05-22 16:11:14,941:INFO:Uploading results into container
2022-05-22 16:11:14,941:INFO:Uploading model into container now
2022-05-22 16:11:14,941:INFO:create_model_container: 3
2022-05-22 16:11:14,941:INFO:master_model_container: 3
2022-05-22 16:11:14,941:INFO:display_container: 2
2022-05-22 16:11:14,941:INFO:GaussianNB(priors=None, var_smoothing=1e-09)
2022-05-22 16:11:14,941:INFO:create_model() succesfully completed......................................
2022-05-22 16:11:15,027:INFO:SubProcess create_model() end ==================================
2022-05-22 16:11:15,027:INFO:Creating metrics dataframe
2022-05-22 16:11:15,053:INFO:Initializing Decision Tree Classifier
2022-05-22 16:11:15,053:INFO:Total runtime is 0.08680849472681682 minutes
2022-05-22 16:11:15,071:INFO:SubProcess create_model() called ==================================
2022-05-22 16:11:15,072:INFO:Initializing create_model()
2022-05-22 16:11:15,072:INFO:create_model(estimator=dt, fold=StratifiedKFold(n_splits=5, random_state=None, shuffle=False), round=4, cross_validation=True, predict=True, fit_kwargs={}, groups=None, refit=False, verbose=False, system=False, metrics=None, experiment_custom_tags=None, add_to_model_list=True, probability_threshold=None, display=<pycaret.internal.Display.Display object at 0x7fefa6f9d970>, return_train_score=False, kwargs={})
2022-05-22 16:11:15,073:INFO:Checking exceptions
2022-05-22 16:11:15,073:INFO:Importing libraries
2022-05-22 16:11:15,073:INFO:Copying training dataset
2022-05-22 16:11:15,074:INFO:Defining folds
2022-05-22 16:11:15,074:INFO:Declaring metric variables
2022-05-22 16:11:15,088:INFO:Importing untrained model
2022-05-22 16:11:15,099:INFO:Decision Tree Classifier Imported succesfully
2022-05-22 16:11:15,132:INFO:Starting cross validation
2022-05-22 16:11:15,133:INFO:Cross validating with StratifiedKFold(n_splits=5, random_state=None, shuffle=False), n_jobs=-1
2022-05-22 16:11:15,450:INFO:Calculating mean and std
2022-05-22 16:11:15,451:INFO:Creating metrics dataframe
2022-05-22 16:11:15,461:INFO:Uploading results into container
2022-05-22 16:11:15,461:INFO:Uploading model into container now
2022-05-22 16:11:15,461:INFO:create_model_container: 4
2022-05-22 16:11:15,461:INFO:master_model_container: 4
2022-05-22 16:11:15,461:INFO:display_container: 2
2022-05-22 16:11:15,462:INFO:DecisionTreeClassifier(ccp_alpha=0.0, class_weight=None, criterion='gini',
                       max_depth=None, max_features=None, max_leaf_nodes=None,
                       min_impurity_decrease=0.0, min_impurity_split=None,
                       min_samples_leaf=1, min_samples_split=2,
                       min_weight_fraction_leaf=0.0, presort='deprecated',
                       random_state=2768, splitter='best')
2022-05-22 16:11:15,462:INFO:create_model() succesfully completed......................................
2022-05-22 16:11:15,545:INFO:SubProcess create_model() end ==================================
2022-05-22 16:11:15,545:INFO:Creating metrics dataframe
2022-05-22 16:11:15,580:INFO:Initializing SVM - Linear Kernel
2022-05-22 16:11:15,580:INFO:Total runtime is 0.09558705091476441 minutes
2022-05-22 16:11:15,598:INFO:SubProcess create_model() called ==================================
2022-05-22 16:11:15,598:INFO:Initializing create_model()
2022-05-22 16:11:15,598:INFO:create_model(estimator=svm, fold=StratifiedKFold(n_splits=5, random_state=None, shuffle=False), round=4, cross_validation=True, predict=True, fit_kwargs={}, groups=None, refit=False, verbose=False, system=False, metrics=None, experiment_custom_tags=None, add_to_model_list=True, probability_threshold=None, display=<pycaret.internal.Display.Display object at 0x7fefa6f9d970>, return_train_score=False, kwargs={})
2022-05-22 16:11:15,599:INFO:Checking exceptions
2022-05-22 16:11:15,599:INFO:Importing libraries
2022-05-22 16:11:15,599:INFO:Copying training dataset
2022-05-22 16:11:15,600:INFO:Defining folds
2022-05-22 16:11:15,600:INFO:Declaring metric variables
2022-05-22 16:11:15,612:INFO:Importing untrained model
2022-05-22 16:11:15,622:INFO:SVM - Linear Kernel Imported succesfully
2022-05-22 16:11:15,649:INFO:Starting cross validation
2022-05-22 16:11:15,650:INFO:Cross validating with StratifiedKFold(n_splits=5, random_state=None, shuffle=False), n_jobs=-1
2022-05-22 16:11:15,925:INFO:Calculating mean and std
2022-05-22 16:11:15,927:INFO:Creating metrics dataframe
2022-05-22 16:11:15,936:INFO:Uploading results into container
2022-05-22 16:11:15,937:INFO:Uploading model into container now
2022-05-22 16:11:15,937:INFO:create_model_container: 5
2022-05-22 16:11:15,937:INFO:master_model_container: 5
2022-05-22 16:11:15,937:INFO:display_container: 2
2022-05-22 16:11:15,938:INFO:SGDClassifier(alpha=0.0001, average=False, class_weight=None,
              early_stopping=False, epsilon=0.1, eta0=0.001, fit_intercept=True,
              l1_ratio=0.15, learning_rate='optimal', loss='hinge',
              max_iter=1000, n_iter_no_change=5, n_jobs=-1, penalty='l2',
              power_t=0.5, random_state=2768, shuffle=True, tol=0.001,
              validation_fraction=0.1, verbose=0, warm_start=False)
2022-05-22 16:11:15,938:INFO:create_model() succesfully completed......................................
2022-05-22 16:11:16,024:INFO:SubProcess create_model() end ==================================
2022-05-22 16:11:16,025:INFO:Creating metrics dataframe
2022-05-22 16:11:16,053:INFO:Initializing Ridge Classifier
2022-05-22 16:11:16,054:INFO:Total runtime is 0.10347562630971273 minutes
2022-05-22 16:11:16,070:INFO:SubProcess create_model() called ==================================
2022-05-22 16:11:16,071:INFO:Initializing create_model()
2022-05-22 16:11:16,071:INFO:create_model(estimator=ridge, fold=StratifiedKFold(n_splits=5, random_state=None, shuffle=False), round=4, cross_validation=True, predict=True, fit_kwargs={}, groups=None, refit=False, verbose=False, system=False, metrics=None, experiment_custom_tags=None, add_to_model_list=True, probability_threshold=None, display=<pycaret.internal.Display.Display object at 0x7fefa6f9d970>, return_train_score=False, kwargs={})
2022-05-22 16:11:16,071:INFO:Checking exceptions
2022-05-22 16:11:16,071:INFO:Importing libraries
2022-05-22 16:11:16,071:INFO:Copying training dataset
2022-05-22 16:11:16,072:INFO:Defining folds
2022-05-22 16:11:16,073:INFO:Declaring metric variables
2022-05-22 16:11:16,086:INFO:Importing untrained model
2022-05-22 16:11:16,099:INFO:Ridge Classifier Imported succesfully
2022-05-22 16:11:16,136:INFO:Starting cross validation
2022-05-22 16:11:16,137:INFO:Cross validating with StratifiedKFold(n_splits=5, random_state=None, shuffle=False), n_jobs=-1
2022-05-22 16:11:16,317:INFO:Calculating mean and std
2022-05-22 16:11:16,318:INFO:Creating metrics dataframe
2022-05-22 16:11:16,326:INFO:Uploading results into container
2022-05-22 16:11:16,326:INFO:Uploading model into container now
2022-05-22 16:11:16,326:INFO:create_model_container: 6
2022-05-22 16:11:16,326:INFO:master_model_container: 6
2022-05-22 16:11:16,326:INFO:display_container: 2
2022-05-22 16:11:16,326:INFO:RidgeClassifier(alpha=1.0, class_weight=None, copy_X=True, fit_intercept=True,
                max_iter=None, normalize=False, random_state=2768,
                solver='auto', tol=0.001)
2022-05-22 16:11:16,327:INFO:create_model() succesfully completed......................................
2022-05-22 16:11:16,417:INFO:SubProcess create_model() end ==================================
2022-05-22 16:11:16,417:INFO:Creating metrics dataframe
2022-05-22 16:11:16,449:INFO:Initializing Random Forest Classifier
2022-05-22 16:11:16,449:INFO:Total runtime is 0.1100740393002828 minutes
2022-05-22 16:11:16,460:INFO:SubProcess create_model() called ==================================
2022-05-22 16:11:16,461:INFO:Initializing create_model()
2022-05-22 16:11:16,461:INFO:create_model(estimator=rf, fold=StratifiedKFold(n_splits=5, random_state=None, shuffle=False), round=4, cross_validation=True, predict=True, fit_kwargs={}, groups=None, refit=False, verbose=False, system=False, metrics=None, experiment_custom_tags=None, add_to_model_list=True, probability_threshold=None, display=<pycaret.internal.Display.Display object at 0x7fefa6f9d970>, return_train_score=False, kwargs={})
2022-05-22 16:11:16,461:INFO:Checking exceptions
2022-05-22 16:11:16,462:INFO:Importing libraries
2022-05-22 16:11:16,462:INFO:Copying training dataset
2022-05-22 16:11:16,466:INFO:Defining folds
2022-05-22 16:11:16,466:INFO:Declaring metric variables
2022-05-22 16:11:16,477:INFO:Importing untrained model
2022-05-22 16:11:16,501:INFO:Random Forest Classifier Imported succesfully
2022-05-22 16:11:16,537:INFO:Starting cross validation
2022-05-22 16:11:16,537:INFO:Cross validating with StratifiedKFold(n_splits=5, random_state=None, shuffle=False), n_jobs=-1
2022-05-22 16:11:21,399:INFO:Calculating mean and std
2022-05-22 16:11:21,401:INFO:Creating metrics dataframe
2022-05-22 16:11:21,408:INFO:Uploading results into container
2022-05-22 16:11:21,409:INFO:Uploading model into container now
2022-05-22 16:11:21,409:INFO:create_model_container: 7
2022-05-22 16:11:21,409:INFO:master_model_container: 7
2022-05-22 16:11:21,409:INFO:display_container: 2
2022-05-22 16:11:21,409:INFO:RandomForestClassifier(bootstrap=True, ccp_alpha=0.0, class_weight=None,
                       criterion='gini', max_depth=None, max_features='auto',
                       max_leaf_nodes=None, max_samples=None,
                       min_impurity_decrease=0.0, min_impurity_split=None,
                       min_samples_leaf=1, min_samples_split=2,
                       min_weight_fraction_leaf=0.0, n_estimators=100,
                       n_jobs=-1, oob_score=False, random_state=2768, verbose=0,
                       warm_start=False)
2022-05-22 16:11:21,409:INFO:create_model() succesfully completed......................................
2022-05-22 16:11:21,501:INFO:SubProcess create_model() end ==================================
2022-05-22 16:11:21,501:INFO:Creating metrics dataframe
2022-05-22 16:11:21,538:INFO:Initializing Quadratic Discriminant Analysis
2022-05-22 16:11:21,538:INFO:Total runtime is 0.19487971464792886 minutes
2022-05-22 16:11:21,553:INFO:SubProcess create_model() called ==================================
2022-05-22 16:11:21,553:INFO:Initializing create_model()
2022-05-22 16:11:21,554:INFO:create_model(estimator=qda, fold=StratifiedKFold(n_splits=5, random_state=None, shuffle=False), round=4, cross_validation=True, predict=True, fit_kwargs={}, groups=None, refit=False, verbose=False, system=False, metrics=None, experiment_custom_tags=None, add_to_model_list=True, probability_threshold=None, display=<pycaret.internal.Display.Display object at 0x7fefa6f9d970>, return_train_score=False, kwargs={})
2022-05-22 16:11:21,554:INFO:Checking exceptions
2022-05-22 16:11:21,554:INFO:Importing libraries
2022-05-22 16:11:21,554:INFO:Copying training dataset
2022-05-22 16:11:21,555:INFO:Defining folds
2022-05-22 16:11:21,556:INFO:Declaring metric variables
2022-05-22 16:11:21,569:INFO:Importing untrained model
2022-05-22 16:11:21,582:INFO:Quadratic Discriminant Analysis Imported succesfully
2022-05-22 16:11:21,619:INFO:Starting cross validation
2022-05-22 16:11:21,620:INFO:Cross validating with StratifiedKFold(n_splits=5, random_state=None, shuffle=False), n_jobs=-1
2022-05-22 16:11:21,827:INFO:Calculating mean and std
2022-05-22 16:11:21,829:INFO:Creating metrics dataframe
2022-05-22 16:11:21,837:INFO:Uploading results into container
2022-05-22 16:11:21,837:INFO:Uploading model into container now
2022-05-22 16:11:21,838:INFO:create_model_container: 8
2022-05-22 16:11:21,838:INFO:master_model_container: 8
2022-05-22 16:11:21,838:INFO:display_container: 2
2022-05-22 16:11:21,838:INFO:QuadraticDiscriminantAnalysis(priors=None, reg_param=0.0,
                              store_covariance=False, tol=0.0001)
2022-05-22 16:11:21,838:INFO:create_model() succesfully completed......................................
2022-05-22 16:11:21,926:INFO:SubProcess create_model() end ==================================
2022-05-22 16:11:21,927:INFO:Creating metrics dataframe
2022-05-22 16:11:21,956:INFO:Initializing Ada Boost Classifier
2022-05-22 16:11:21,956:INFO:Total runtime is 0.20185059706370034 minutes
2022-05-22 16:11:21,973:INFO:SubProcess create_model() called ==================================
2022-05-22 16:11:21,974:INFO:Initializing create_model()
2022-05-22 16:11:21,974:INFO:create_model(estimator=ada, fold=StratifiedKFold(n_splits=5, random_state=None, shuffle=False), round=4, cross_validation=True, predict=True, fit_kwargs={}, groups=None, refit=False, verbose=False, system=False, metrics=None, experiment_custom_tags=None, add_to_model_list=True, probability_threshold=None, display=<pycaret.internal.Display.Display object at 0x7fefa6f9d970>, return_train_score=False, kwargs={})
2022-05-22 16:11:21,974:INFO:Checking exceptions
2022-05-22 16:11:21,974:INFO:Importing libraries
2022-05-22 16:11:21,974:INFO:Copying training dataset
2022-05-22 16:11:21,976:INFO:Defining folds
2022-05-22 16:11:21,976:INFO:Declaring metric variables
2022-05-22 16:11:21,994:INFO:Importing untrained model
2022-05-22 16:11:22,010:INFO:Ada Boost Classifier Imported succesfully
2022-05-22 16:11:22,043:INFO:Starting cross validation
2022-05-22 16:11:22,044:INFO:Cross validating with StratifiedKFold(n_splits=5, random_state=None, shuffle=False), n_jobs=-1
2022-05-22 16:11:23,340:INFO:Calculating mean and std
2022-05-22 16:11:23,342:INFO:Creating metrics dataframe
2022-05-22 16:11:23,353:INFO:Uploading results into container
2022-05-22 16:11:23,353:INFO:Uploading model into container now
2022-05-22 16:11:23,353:INFO:create_model_container: 9
2022-05-22 16:11:23,353:INFO:master_model_container: 9
2022-05-22 16:11:23,354:INFO:display_container: 2
2022-05-22 16:11:23,355:INFO:AdaBoostClassifier(algorithm='SAMME.R', base_estimator=None, learning_rate=1.0,
                   n_estimators=50, random_state=2768)
2022-05-22 16:11:23,355:INFO:create_model() succesfully completed......................................
2022-05-22 16:11:23,445:INFO:SubProcess create_model() end ==================================
2022-05-22 16:11:23,445:INFO:Creating metrics dataframe
2022-05-22 16:11:23,476:INFO:Initializing Gradient Boosting Classifier
2022-05-22 16:11:23,476:INFO:Total runtime is 0.22718817790349322 minutes
2022-05-22 16:11:23,494:INFO:SubProcess create_model() called ==================================
2022-05-22 16:11:23,494:INFO:Initializing create_model()
2022-05-22 16:11:23,494:INFO:create_model(estimator=gbc, fold=StratifiedKFold(n_splits=5, random_state=None, shuffle=False), round=4, cross_validation=True, predict=True, fit_kwargs={}, groups=None, refit=False, verbose=False, system=False, metrics=None, experiment_custom_tags=None, add_to_model_list=True, probability_threshold=None, display=<pycaret.internal.Display.Display object at 0x7fefa6f9d970>, return_train_score=False, kwargs={})
2022-05-22 16:11:23,495:INFO:Checking exceptions
2022-05-22 16:11:23,495:INFO:Importing libraries
2022-05-22 16:11:23,495:INFO:Copying training dataset
2022-05-22 16:11:23,497:INFO:Defining folds
2022-05-22 16:11:23,497:INFO:Declaring metric variables
2022-05-22 16:11:23,515:INFO:Importing untrained model
2022-05-22 16:11:23,534:INFO:Gradient Boosting Classifier Imported succesfully
2022-05-22 16:11:23,578:INFO:Starting cross validation
2022-05-22 16:11:23,579:INFO:Cross validating with StratifiedKFold(n_splits=5, random_state=None, shuffle=False), n_jobs=-1
2022-05-22 16:11:27,022:INFO:Calculating mean and std
2022-05-22 16:11:27,023:INFO:Creating metrics dataframe
2022-05-22 16:11:27,033:INFO:Uploading results into container
2022-05-22 16:11:27,033:INFO:Uploading model into container now
2022-05-22 16:11:27,033:INFO:create_model_container: 10
2022-05-22 16:11:27,033:INFO:master_model_container: 10
2022-05-22 16:11:27,036:INFO:display_container: 2
2022-05-22 16:11:27,037:INFO:GradientBoostingClassifier(ccp_alpha=0.0, criterion='friedman_mse', init=None,
                           learning_rate=0.1, loss='deviance', max_depth=3,
                           max_features=None, max_leaf_nodes=None,
                           min_impurity_decrease=0.0, min_impurity_split=None,
                           min_samples_leaf=1, min_samples_split=2,
                           min_weight_fraction_leaf=0.0, n_estimators=100,
                           n_iter_no_change=None, presort='deprecated',
                           random_state=2768, subsample=1.0, tol=0.0001,
                           validation_fraction=0.1, verbose=0,
                           warm_start=False)
2022-05-22 16:11:27,037:INFO:create_model() succesfully completed......................................
2022-05-22 16:11:27,123:INFO:SubProcess create_model() end ==================================
2022-05-22 16:11:27,123:INFO:Creating metrics dataframe
2022-05-22 16:11:27,158:INFO:Initializing Linear Discriminant Analysis
2022-05-22 16:11:27,158:INFO:Total runtime is 0.28854545752207433 minutes
2022-05-22 16:11:27,170:INFO:SubProcess create_model() called ==================================
2022-05-22 16:11:27,170:INFO:Initializing create_model()
2022-05-22 16:11:27,170:INFO:create_model(estimator=lda, fold=StratifiedKFold(n_splits=5, random_state=None, shuffle=False), round=4, cross_validation=True, predict=True, fit_kwargs={}, groups=None, refit=False, verbose=False, system=False, metrics=None, experiment_custom_tags=None, add_to_model_list=True, probability_threshold=None, display=<pycaret.internal.Display.Display object at 0x7fefa6f9d970>, return_train_score=False, kwargs={})
2022-05-22 16:11:27,170:INFO:Checking exceptions
2022-05-22 16:11:27,171:INFO:Importing libraries
2022-05-22 16:11:27,171:INFO:Copying training dataset
2022-05-22 16:11:27,172:INFO:Defining folds
2022-05-22 16:11:27,172:INFO:Declaring metric variables
2022-05-22 16:11:27,184:INFO:Importing untrained model
2022-05-22 16:11:27,199:INFO:Linear Discriminant Analysis Imported succesfully
2022-05-22 16:11:27,227:INFO:Starting cross validation
2022-05-22 16:11:27,228:INFO:Cross validating with StratifiedKFold(n_splits=5, random_state=None, shuffle=False), n_jobs=-1
2022-05-22 16:11:27,434:INFO:Calculating mean and std
2022-05-22 16:11:27,436:INFO:Creating metrics dataframe
2022-05-22 16:11:27,449:INFO:Uploading results into container
2022-05-22 16:11:27,450:INFO:Uploading model into container now
2022-05-22 16:11:27,450:INFO:create_model_container: 11
2022-05-22 16:11:27,450:INFO:master_model_container: 11
2022-05-22 16:11:27,450:INFO:display_container: 2
2022-05-22 16:11:27,450:INFO:LinearDiscriminantAnalysis(n_components=None, priors=None, shrinkage=None,
                           solver='svd', store_covariance=False, tol=0.0001)
2022-05-22 16:11:27,450:INFO:create_model() succesfully completed......................................
2022-05-22 16:11:27,540:INFO:SubProcess create_model() end ==================================
2022-05-22 16:11:27,540:INFO:Creating metrics dataframe
2022-05-22 16:11:27,573:INFO:Initializing Extra Trees Classifier
2022-05-22 16:11:27,574:INFO:Total runtime is 0.29547668695449825 minutes
2022-05-22 16:11:27,590:INFO:SubProcess create_model() called ==================================
2022-05-22 16:11:27,591:INFO:Initializing create_model()
2022-05-22 16:11:27,591:INFO:create_model(estimator=et, fold=StratifiedKFold(n_splits=5, random_state=None, shuffle=False), round=4, cross_validation=True, predict=True, fit_kwargs={}, groups=None, refit=False, verbose=False, system=False, metrics=None, experiment_custom_tags=None, add_to_model_list=True, probability_threshold=None, display=<pycaret.internal.Display.Display object at 0x7fefa6f9d970>, return_train_score=False, kwargs={})
2022-05-22 16:11:27,591:INFO:Checking exceptions
2022-05-22 16:11:27,591:INFO:Importing libraries
2022-05-22 16:11:27,591:INFO:Copying training dataset
2022-05-22 16:11:27,593:INFO:Defining folds
2022-05-22 16:11:27,593:INFO:Declaring metric variables
2022-05-22 16:11:27,610:INFO:Importing untrained model
2022-05-22 16:11:27,625:INFO:Extra Trees Classifier Imported succesfully
2022-05-22 16:11:27,661:INFO:Starting cross validation
2022-05-22 16:11:27,663:INFO:Cross validating with StratifiedKFold(n_splits=5, random_state=None, shuffle=False), n_jobs=-1
2022-05-22 16:11:31,030:INFO:Calculating mean and std
2022-05-22 16:11:31,032:INFO:Creating metrics dataframe
2022-05-22 16:11:31,040:INFO:Uploading results into container
2022-05-22 16:11:31,040:INFO:Uploading model into container now
2022-05-22 16:11:31,041:INFO:create_model_container: 12
2022-05-22 16:11:31,041:INFO:master_model_container: 12
2022-05-22 16:11:31,041:INFO:display_container: 2
2022-05-22 16:11:31,041:INFO:ExtraTreesClassifier(bootstrap=False, ccp_alpha=0.0, class_weight=None,
                     criterion='gini', max_depth=None, max_features='auto',
                     max_leaf_nodes=None, max_samples=None,
                     min_impurity_decrease=0.0, min_impurity_split=None,
                     min_samples_leaf=1, min_samples_split=2,
                     min_weight_fraction_leaf=0.0, n_estimators=100, n_jobs=-1,
                     oob_score=False, random_state=2768, verbose=0,
                     warm_start=False)
2022-05-22 16:11:31,041:INFO:create_model() succesfully completed......................................
2022-05-22 16:11:31,128:INFO:SubProcess create_model() end ==================================
2022-05-22 16:11:31,128:INFO:Creating metrics dataframe
2022-05-22 16:11:31,165:INFO:Initializing Light Gradient Boosting Machine
2022-05-22 16:11:31,165:INFO:Total runtime is 0.3553289254506429 minutes
2022-05-22 16:11:31,183:INFO:SubProcess create_model() called ==================================
2022-05-22 16:11:31,184:INFO:Initializing create_model()
2022-05-22 16:11:31,184:INFO:create_model(estimator=lightgbm, fold=StratifiedKFold(n_splits=5, random_state=None, shuffle=False), round=4, cross_validation=True, predict=True, fit_kwargs={}, groups=None, refit=False, verbose=False, system=False, metrics=None, experiment_custom_tags=None, add_to_model_list=True, probability_threshold=None, display=<pycaret.internal.Display.Display object at 0x7fefa6f9d970>, return_train_score=False, kwargs={})
2022-05-22 16:11:31,184:INFO:Checking exceptions
2022-05-22 16:11:31,184:INFO:Importing libraries
2022-05-22 16:11:31,184:INFO:Copying training dataset
2022-05-22 16:11:31,186:INFO:Defining folds
2022-05-22 16:11:31,186:INFO:Declaring metric variables
2022-05-22 16:11:31,206:INFO:Importing untrained model
2022-05-22 16:11:31,218:INFO:Light Gradient Boosting Machine Imported succesfully
2022-05-22 16:11:31,256:INFO:Starting cross validation
2022-05-22 16:11:31,257:INFO:Cross validating with StratifiedKFold(n_splits=5, random_state=None, shuffle=False), n_jobs=-1
2022-05-22 16:11:32,980:INFO:Calculating mean and std
2022-05-22 16:11:32,982:INFO:Creating metrics dataframe
2022-05-22 16:11:32,991:INFO:Uploading results into container
2022-05-22 16:11:32,991:INFO:Uploading model into container now
2022-05-22 16:11:32,991:INFO:create_model_container: 13
2022-05-22 16:11:32,992:INFO:master_model_container: 13
2022-05-22 16:11:32,992:INFO:display_container: 2
2022-05-22 16:11:32,993:INFO:LGBMClassifier(boosting_type='gbdt', class_weight=None, colsample_bytree=1.0,
               importance_type='split', learning_rate=0.1, max_depth=-1,
               min_child_samples=20, min_child_weight=0.001, min_split_gain=0.0,
               n_estimators=100, n_jobs=-1, num_leaves=31, objective=None,
               random_state=2768, reg_alpha=0.0, reg_lambda=0.0, silent='warn',
               subsample=1.0, subsample_for_bin=200000, subsample_freq=0)
2022-05-22 16:11:32,993:INFO:create_model() succesfully completed......................................
2022-05-22 16:11:33,079:INFO:SubProcess create_model() end ==================================
2022-05-22 16:11:33,079:INFO:Creating metrics dataframe
2022-05-22 16:11:33,119:INFO:Initializing Dummy Classifier
2022-05-22 16:11:33,119:INFO:Total runtime is 0.38790079355239865 minutes
2022-05-22 16:11:33,133:INFO:SubProcess create_model() called ==================================
2022-05-22 16:11:33,133:INFO:Initializing create_model()
2022-05-22 16:11:33,133:INFO:create_model(estimator=dummy, fold=StratifiedKFold(n_splits=5, random_state=None, shuffle=False), round=4, cross_validation=True, predict=True, fit_kwargs={}, groups=None, refit=False, verbose=False, system=False, metrics=None, experiment_custom_tags=None, add_to_model_list=True, probability_threshold=None, display=<pycaret.internal.Display.Display object at 0x7fefa6f9d970>, return_train_score=False, kwargs={})
2022-05-22 16:11:33,133:INFO:Checking exceptions
2022-05-22 16:11:33,134:INFO:Importing libraries
2022-05-22 16:11:33,134:INFO:Copying training dataset
2022-05-22 16:11:33,135:INFO:Defining folds
2022-05-22 16:11:33,136:INFO:Declaring metric variables
2022-05-22 16:11:33,150:INFO:Importing untrained model
2022-05-22 16:11:33,164:INFO:Dummy Classifier Imported succesfully
2022-05-22 16:11:33,210:INFO:Starting cross validation
2022-05-22 16:11:33,211:INFO:Cross validating with StratifiedKFold(n_splits=5, random_state=None, shuffle=False), n_jobs=-1
2022-05-22 16:11:33,379:INFO:Calculating mean and std
2022-05-22 16:11:33,380:INFO:Creating metrics dataframe
2022-05-22 16:11:33,389:INFO:Uploading results into container
2022-05-22 16:11:33,390:INFO:Uploading model into container now
2022-05-22 16:11:33,390:INFO:create_model_container: 14
2022-05-22 16:11:33,390:INFO:master_model_container: 14
2022-05-22 16:11:33,390:INFO:display_container: 2
2022-05-22 16:11:33,390:INFO:DummyClassifier(constant=None, random_state=2768, strategy='prior')
2022-05-22 16:11:33,390:INFO:create_model() succesfully completed......................................
2022-05-22 16:11:33,483:INFO:SubProcess create_model() end ==================================
2022-05-22 16:11:33,483:INFO:Creating metrics dataframe
2022-05-22 16:11:33,553:INFO:Initializing create_model()
2022-05-22 16:11:33,553:INFO:create_model(estimator=GradientBoostingClassifier(ccp_alpha=0.0, criterion='friedman_mse', init=None,
                           learning_rate=0.1, loss='deviance', max_depth=3,
                           max_features=None, max_leaf_nodes=None,
                           min_impurity_decrease=0.0, min_impurity_split=None,
                           min_samples_leaf=1, min_samples_split=2,
                           min_weight_fraction_leaf=0.0, n_estimators=100,
                           n_iter_no_change=None, presort='deprecated',
                           random_state=2768, subsample=1.0, tol=0.0001,
                           validation_fraction=0.1, verbose=0,
                           warm_start=False), fold=StratifiedKFold(n_splits=5, random_state=None, shuffle=False), round=4, cross_validation=False, predict=False, fit_kwargs={}, groups=None, refit=True, verbose=False, system=False, metrics=None, experiment_custom_tags=None, add_to_model_list=True, probability_threshold=None, display=None, return_train_score=False, kwargs={})
2022-05-22 16:11:33,553:INFO:Checking exceptions
2022-05-22 16:11:33,553:INFO:Importing libraries
2022-05-22 16:11:33,553:INFO:Copying training dataset
2022-05-22 16:11:33,554:INFO:Defining folds
2022-05-22 16:11:33,554:INFO:Declaring metric variables
2022-05-22 16:11:33,554:INFO:Importing untrained model
2022-05-22 16:11:33,554:INFO:Declaring custom model
2022-05-22 16:11:33,555:INFO:Gradient Boosting Classifier Imported succesfully
2022-05-22 16:11:33,555:INFO:Cross validation set to False
2022-05-22 16:11:33,556:INFO:Fitting Model
2022-05-22 16:11:35,108:INFO:GradientBoostingClassifier(ccp_alpha=0.0, criterion='friedman_mse', init=None,
                           learning_rate=0.1, loss='deviance', max_depth=3,
                           max_features=None, max_leaf_nodes=None,
                           min_impurity_decrease=0.0, min_impurity_split=None,
                           min_samples_leaf=1, min_samples_split=2,
                           min_weight_fraction_leaf=0.0, n_estimators=100,
                           n_iter_no_change=None, presort='deprecated',
                           random_state=2768, subsample=1.0, tol=0.0001,
                           validation_fraction=0.1, verbose=0,
                           warm_start=False)
2022-05-22 16:11:35,108:INFO:create_models() succesfully completed......................................
2022-05-22 16:11:35,267:INFO:create_model_container: 14
2022-05-22 16:11:35,267:INFO:master_model_container: 14
2022-05-22 16:11:35,270:INFO:display_container: 2
2022-05-22 16:11:35,271:INFO:GradientBoostingClassifier(ccp_alpha=0.0, criterion='friedman_mse', init=None,
                           learning_rate=0.1, loss='deviance', max_depth=3,
                           max_features=None, max_leaf_nodes=None,
                           min_impurity_decrease=0.0, min_impurity_split=None,
                           min_samples_leaf=1, min_samples_split=2,
                           min_weight_fraction_leaf=0.0, n_estimators=100,
                           n_iter_no_change=None, presort='deprecated',
                           random_state=2768, subsample=1.0, tol=0.0001,
                           validation_fraction=0.1, verbose=0,
                           warm_start=False)
2022-05-22 16:11:35,271:INFO:compare_models() succesfully completed......................................
2022-05-22 16:14:25,919:INFO:Initializing create_model()
2022-05-22 16:14:25,920:INFO:create_model(estimator=gbc, fold=5, round=4, cross_validation=True, predict=True, fit_kwargs=None, groups=None, refit=True, verbose=True, system=True, metrics=None, experiment_custom_tags=None, add_to_model_list=True, probability_threshold=None, display=None, return_train_score=False, kwargs={})
2022-05-22 16:14:25,920:INFO:Checking exceptions
2022-05-22 16:14:25,922:INFO:Preparing display monitor
2022-05-22 16:14:25,966:INFO:Importing libraries
2022-05-22 16:14:25,966:INFO:Copying training dataset
2022-05-22 16:14:25,968:INFO:Defining folds
2022-05-22 16:14:25,968:INFO:Declaring metric variables
2022-05-22 16:14:25,979:INFO:Importing untrained model
2022-05-22 16:14:25,998:INFO:Gradient Boosting Classifier Imported succesfully
2022-05-22 16:14:26,033:INFO:Starting cross validation
2022-05-22 16:14:26,034:INFO:Cross validating with StratifiedKFold(n_splits=5, random_state=None, shuffle=False), n_jobs=-1
2022-05-22 16:14:29,406:INFO:Calculating mean and std
2022-05-22 16:14:29,407:INFO:Creating metrics dataframe
2022-05-22 16:14:29,426:INFO:Finalizing model
2022-05-22 16:14:30,970:INFO:Uploading results into container
2022-05-22 16:14:30,970:INFO:Uploading model into container now
2022-05-22 16:14:30,998:INFO:create_model_container: 15
2022-05-22 16:14:30,998:INFO:master_model_container: 15
2022-05-22 16:14:30,998:INFO:display_container: 3
2022-05-22 16:14:30,999:INFO:GradientBoostingClassifier(ccp_alpha=0.0, criterion='friedman_mse', init=None,
                           learning_rate=0.1, loss='deviance', max_depth=3,
                           max_features=None, max_leaf_nodes=None,
                           min_impurity_decrease=0.0, min_impurity_split=None,
                           min_samples_leaf=1, min_samples_split=2,
                           min_weight_fraction_leaf=0.0, n_estimators=100,
                           n_iter_no_change=None, presort='deprecated',
                           random_state=2768, subsample=1.0, tol=0.0001,
                           validation_fraction=0.1, verbose=0,
                           warm_start=False)
2022-05-22 16:14:30,999:INFO:create_model() succesfully completed......................................
2022-05-22 16:15:18,104:INFO:Initializing tune_model()
2022-05-22 16:15:18,104:INFO:tune_model(estimator=GradientBoostingClassifier(ccp_alpha=0.0, criterion='friedman_mse', init=None,
                           learning_rate=0.1, loss='deviance', max_depth=3,
                           max_features=None, max_leaf_nodes=None,
                           min_impurity_decrease=0.0, min_impurity_split=None,
                           min_samples_leaf=1, min_samples_split=2,
                           min_weight_fraction_leaf=0.0, n_estimators=100,
                           n_iter_no_change=None, presort='deprecated',
                           random_state=2768, subsample=1.0, tol=0.0001,
                           validation_fraction=0.1, verbose=0,
                           warm_start=False), fold=5, round=4, n_iter=10, custom_grid={'learning_rate': [0.1, 0.2, 0.5], 'n_estimators': [100, 500, 1000], 'min_samples_split': [1, 2, 5, 10], 'max_depth': [1, 3, 9]}, optimize=AUC, custom_scorer=None, search_library=scikit-learn, search_algorithm=None, early_stopping=False, early_stopping_max_iters=10, choose_better=False, fit_kwargs=None, groups=None, return_tuner=False, verbose=True, tuner_verbose=True, display=None, return_train_score=False, kwargs={})
2022-05-22 16:15:18,105:INFO:Checking exceptions
2022-05-22 16:15:18,107:INFO:Preparing display monitor
2022-05-22 16:15:18,147:INFO:Copying training dataset
2022-05-22 16:15:18,148:INFO:Checking base model
2022-05-22 16:15:18,149:INFO:Base model : Gradient Boosting Classifier
2022-05-22 16:15:18,168:INFO:Declaring metric variables
2022-05-22 16:15:18,187:INFO:Defining Hyperparameters
2022-05-22 16:15:18,288:INFO:custom_grid: {'actual_estimator__learning_rate': [0.1, 0.2, 0.5], 'actual_estimator__n_estimators': [100, 500, 1000], 'actual_estimator__min_samples_split': [1, 2, 5, 10], 'actual_estimator__max_depth': [1, 3, 9]}
2022-05-22 16:15:18,289:INFO:Tuning with n_jobs=-1
2022-05-22 16:15:18,289:INFO:Initializing RandomizedSearchCV
2022-05-22 16:17:48,872:INFO:best_params: {'actual_estimator__n_estimators': 500, 'actual_estimator__min_samples_split': 10, 'actual_estimator__max_depth': 3, 'actual_estimator__learning_rate': 0.1}
2022-05-22 16:17:48,873:INFO:Hyperparameter search completed
2022-05-22 16:17:48,873:INFO:SubProcess create_model() called ==================================
2022-05-22 16:17:48,874:INFO:Initializing create_model()
2022-05-22 16:17:48,874:INFO:create_model(estimator=GradientBoostingClassifier(ccp_alpha=0.0, criterion='friedman_mse', init=None,
                           learning_rate=0.1, loss='deviance', max_depth=3,
                           max_features=None, max_leaf_nodes=None,
                           min_impurity_decrease=0.0, min_impurity_split=None,
                           min_samples_leaf=1, min_samples_split=2,
                           min_weight_fraction_leaf=0.0, n_estimators=100,
                           n_iter_no_change=None, presort='deprecated',
                           random_state=2768, subsample=1.0, tol=0.0001,
                           validation_fraction=0.1, verbose=0,
                           warm_start=False), fold=StratifiedKFold(n_splits=5, random_state=None, shuffle=False), round=4, cross_validation=True, predict=True, fit_kwargs={}, groups=None, refit=True, verbose=True, system=False, metrics=None, experiment_custom_tags=None, add_to_model_list=True, probability_threshold=None, display=<pycaret.internal.Display.Display object at 0x7fefa6fb8430>, return_train_score=False, kwargs={'n_estimators': 500, 'min_samples_split': 10, 'max_depth': 3, 'learning_rate': 0.1})
2022-05-22 16:17:48,874:INFO:Checking exceptions
2022-05-22 16:17:48,874:INFO:Importing libraries
2022-05-22 16:17:48,875:INFO:Copying training dataset
2022-05-22 16:17:48,875:INFO:Defining folds
2022-05-22 16:17:48,876:INFO:Declaring metric variables
2022-05-22 16:17:48,890:INFO:Importing untrained model
2022-05-22 16:17:48,890:INFO:Declaring custom model
2022-05-22 16:17:48,901:INFO:Gradient Boosting Classifier Imported succesfully
2022-05-22 16:17:48,922:INFO:Starting cross validation
2022-05-22 16:17:48,923:INFO:Cross validating with StratifiedKFold(n_splits=5, random_state=None, shuffle=False), n_jobs=-1
2022-05-22 16:18:03,725:INFO:Calculating mean and std
2022-05-22 16:18:03,726:INFO:Creating metrics dataframe
2022-05-22 16:18:03,744:INFO:Finalizing model
2022-05-22 16:18:10,828:INFO:Uploading results into container
2022-05-22 16:18:10,829:INFO:Uploading model into container now
2022-05-22 16:18:10,829:INFO:create_model_container: 16
2022-05-22 16:18:10,829:INFO:master_model_container: 16
2022-05-22 16:18:10,829:INFO:display_container: 4
2022-05-22 16:18:10,830:INFO:GradientBoostingClassifier(ccp_alpha=0.0, criterion='friedman_mse', init=None,
                           learning_rate=0.1, loss='deviance', max_depth=3,
                           max_features=None, max_leaf_nodes=None,
                           min_impurity_decrease=0.0, min_impurity_split=None,
                           min_samples_leaf=1, min_samples_split=10,
                           min_weight_fraction_leaf=0.0, n_estimators=500,
                           n_iter_no_change=None, presort='deprecated',
                           random_state=2768, subsample=1.0, tol=0.0001,
                           validation_fraction=0.1, verbose=0,
                           warm_start=False)
2022-05-22 16:18:10,830:INFO:create_model() succesfully completed......................................
2022-05-22 16:18:10,912:INFO:SubProcess create_model() end ==================================
2022-05-22 16:18:10,933:INFO:create_model_container: 16
2022-05-22 16:18:10,933:INFO:master_model_container: 16
2022-05-22 16:18:10,933:INFO:display_container: 4
2022-05-22 16:18:10,934:INFO:GradientBoostingClassifier(ccp_alpha=0.0, criterion='friedman_mse', init=None,
                           learning_rate=0.1, loss='deviance', max_depth=3,
                           max_features=None, max_leaf_nodes=None,
                           min_impurity_decrease=0.0, min_impurity_split=None,
                           min_samples_leaf=1, min_samples_split=10,
                           min_weight_fraction_leaf=0.0, n_estimators=500,
                           n_iter_no_change=None, presort='deprecated',
                           random_state=2768, subsample=1.0, tol=0.0001,
                           validation_fraction=0.1, verbose=0,
                           warm_start=False)
2022-05-22 16:18:10,934:INFO:tune_model() succesfully completed......................................
2022-05-22 16:21:29,600:INFO:Initializing finalize_model()
2022-05-22 16:21:29,601:INFO:finalize_model(estimator=GradientBoostingClassifier(ccp_alpha=0.0, criterion='friedman_mse', init=None,
                           learning_rate=0.1, loss='deviance', max_depth=3,
                           max_features=None, max_leaf_nodes=None,
                           min_impurity_decrease=0.0, min_impurity_split=None,
                           min_samples_leaf=1, min_samples_split=2,
                           min_weight_fraction_leaf=0.0, n_estimators=100,
                           n_iter_no_change=None, presort='deprecated',
                           random_state=2768, subsample=1.0, tol=0.0001,
                           validation_fraction=0.1, verbose=0,
                           warm_start=False), fit_kwargs=None, groups=None, model_only=True, display=None, experiment_custom_tags=None, return_train_score=False)
2022-05-22 16:21:29,603:INFO:Finalizing GradientBoostingClassifier(ccp_alpha=0.0, criterion='friedman_mse', init=None,
                           learning_rate=0.1, loss='deviance', max_depth=3,
                           max_features=None, max_leaf_nodes=None,
                           min_impurity_decrease=0.0, min_impurity_split=None,
                           min_samples_leaf=1, min_samples_split=2,
                           min_weight_fraction_leaf=0.0, n_estimators=100,
                           n_iter_no_change=None, presort='deprecated',
                           random_state=2768, subsample=1.0, tol=0.0001,
                           validation_fraction=0.1, verbose=0,
                           warm_start=False)
2022-05-22 16:21:29,605:INFO:Initializing create_model()
2022-05-22 16:21:29,606:INFO:create_model(estimator=GradientBoostingClassifier(ccp_alpha=0.0, criterion='friedman_mse', init=None,
                           learning_rate=0.1, loss='deviance', max_depth=3,
                           max_features=None, max_leaf_nodes=None,
                           min_impurity_decrease=0.0, min_impurity_split=None,
                           min_samples_leaf=1, min_samples_split=2,
                           min_weight_fraction_leaf=0.0, n_estimators=100,
                           n_iter_no_change=None, presort='deprecated',
                           random_state=2768, subsample=1.0, tol=0.0001,
                           validation_fraction=0.1, verbose=0,
                           warm_start=False), fold=None, round=4, cross_validation=True, predict=True, fit_kwargs={}, groups=None, refit=True, verbose=False, system=False, metrics=None, experiment_custom_tags=None, add_to_model_list=False, probability_threshold=None, display=None, return_train_score=False, kwargs={})
2022-05-22 16:21:29,607:INFO:Checking exceptions
2022-05-22 16:21:29,607:INFO:Importing libraries
2022-05-22 16:21:29,607:INFO:Copying training dataset
2022-05-22 16:21:29,608:INFO:Defining folds
2022-05-22 16:21:29,608:INFO:Declaring metric variables
2022-05-22 16:21:29,608:INFO:Importing untrained model
2022-05-22 16:21:29,608:INFO:Declaring custom model
2022-05-22 16:21:29,611:INFO:Gradient Boosting Classifier Imported succesfully
2022-05-22 16:21:29,611:INFO:Starting cross validation
2022-05-22 16:21:29,613:INFO:Cross validating with StratifiedKFold(n_splits=10, random_state=None, shuffle=False), n_jobs=-1
2022-05-22 16:21:38,816:INFO:Calculating mean and std
2022-05-22 16:21:38,817:INFO:Creating metrics dataframe
2022-05-22 16:21:38,820:INFO:Finalizing model
2022-05-22 16:21:40,947:INFO:create_model_container: 16
2022-05-22 16:21:40,947:INFO:master_model_container: 16
2022-05-22 16:21:40,947:INFO:display_container: 5
2022-05-22 16:21:40,948:INFO:GradientBoostingClassifier(ccp_alpha=0.0, criterion='friedman_mse', init=None,
                           learning_rate=0.1, loss='deviance', max_depth=3,
                           max_features=None, max_leaf_nodes=None,
                           min_impurity_decrease=0.0, min_impurity_split=None,
                           min_samples_leaf=1, min_samples_split=2,
                           min_weight_fraction_leaf=0.0, n_estimators=100,
                           n_iter_no_change=None, presort='deprecated',
                           random_state=2768, subsample=1.0, tol=0.0001,
                           validation_fraction=0.1, verbose=0,
                           warm_start=False)
2022-05-22 16:21:40,948:INFO:create_model() succesfully completed......................................
2022-05-22 16:21:41,027:INFO:create_model_container: 16
2022-05-22 16:21:41,028:INFO:master_model_container: 16
2022-05-22 16:21:41,028:INFO:display_container: 4
2022-05-22 16:21:41,029:INFO:GradientBoostingClassifier(ccp_alpha=0.0, criterion='friedman_mse', init=None,
                           learning_rate=0.1, loss='deviance', max_depth=3,
                           max_features=None, max_leaf_nodes=None,
                           min_impurity_decrease=0.0, min_impurity_split=None,
                           min_samples_leaf=1, min_samples_split=2,
                           min_weight_fraction_leaf=0.0, n_estimators=100,
                           n_iter_no_change=None, presort='deprecated',
                           random_state=2768, subsample=1.0, tol=0.0001,
                           validation_fraction=0.1, verbose=0,
                           warm_start=False)
2022-05-22 16:21:41,029:INFO:finalize_model() succesfully completed......................................
2022-05-22 16:22:06,896:INFO:Initializing save_model()
2022-05-22 16:22:06,897:INFO:save_model(model=GradientBoostingClassifier(ccp_alpha=0.0, criterion='friedman_mse', init=None,
                           learning_rate=0.1, loss='deviance', max_depth=3,
                           max_features=None, max_leaf_nodes=None,
                           min_impurity_decrease=0.0, min_impurity_split=None,
                           min_samples_leaf=1, min_samples_split=2,
                           min_weight_fraction_leaf=0.0, n_estimators=100,
                           n_iter_no_change=None, presort='deprecated',
                           random_state=2768, subsample=1.0, tol=0.0001,
                           validation_fraction=0.1, verbose=0,
                           warm_start=False), model_name=model, prep_pipe_=Pipeline(memory=None,
         steps=[('dtypes',
                 DataTypes_Auto_infer(categorical_features=[],
                                      display_types=True, features_todrop=[],
                                      id_columns=[],
                                      ml_usecase='classification',
                                      numerical_features=['yearsAtCompany'],
                                      target='turnover', time_features=[])),
                ('imputer',
                 Simple_Imputer(categorical_strategy='not_available',
                                fill_value_categorical=None,
                                fill_value_numerical=...
                ('P_transform', 'passthrough'), ('binn', 'passthrough'),
                ('rem_outliers', 'passthrough'), ('cluster_all', 'passthrough'),
                ('dummy', Dummify(target='turnover')),
                ('fix_perfect', Remove_100(target='turnover')),
                ('clean_names', Clean_Colum_Names()),
                ('feature_select', 'passthrough'), ('fix_multi', 'passthrough'),
                ('dfs', 'passthrough'), ('pca', 'passthrough')],
         verbose=False), verbose=True, kwargs={})
2022-05-22 16:22:06,897:INFO:Adding model into prep_pipe
2022-05-22 16:22:06,927:INFO:model.pkl saved in current working directory
2022-05-22 16:22:06,935:INFO:Pipeline(memory=None,
         steps=[('dtypes',
                 DataTypes_Auto_infer(categorical_features=[],
                                      display_types=True, features_todrop=[],
                                      id_columns=[],
                                      ml_usecase='classification',
                                      numerical_features=['yearsAtCompany'],
                                      target='turnover', time_features=[])),
                ('imputer',
                 Simple_Imputer(categorical_strategy='not_available',
                                fill_value_categorical=None,
                                fill_value_numerical=...
                                            learning_rate=0.1, loss='deviance',
                                            max_depth=3, max_features=None,
                                            max_leaf_nodes=None,
                                            min_impurity_decrease=0.0,
                                            min_impurity_split=None,
                                            min_samples_leaf=1,
                                            min_samples_split=2,
                                            min_weight_fraction_leaf=0.0,
                                            n_estimators=100,
                                            n_iter_no_change=None,
                                            presort='deprecated',
                                            random_state=2768, subsample=1.0,
                                            tol=0.0001, validation_fraction=0.1,
                                            verbose=0, warm_start=False)]],
         verbose=False)
2022-05-22 16:22:06,936:INFO:save_model() successfully completed......................................
